[debug] [2019-08-14T14:21:32.896Z] ----------------------------------------------------------------------
[debug] [2019-08-14T14:21:32.898Z] Command:       C:\Program Files\nodejs\node.exe C:\Users\User\AppData\Roaming\npm\node_modules\firebase-tools\lib\bin\firebase.js serve
[debug] [2019-08-14T14:21:32.898Z] CLI Version:   7.2.2
[debug] [2019-08-14T14:21:32.898Z] Platform:      win32
[debug] [2019-08-14T14:21:32.898Z] Node Version:  v8.12.0
[debug] [2019-08-14T14:21:32.899Z] Time:          Wed Aug 14 2019 21:21:32 GMT+0700 (SE Asia Standard Time)
[debug] [2019-08-14T14:21:32.899Z] ----------------------------------------------------------------------
[debug] 
[debug] [2019-08-14T14:21:32.907Z] > command requires scopes: ["email","openid","https://www.googleapis.com/auth/cloudplatformprojects.readonly","https://www.googleapis.com/auth/firebase","https://www.googleapis.com/auth/cloud-platform"]
[debug] [2019-08-14T14:21:32.908Z] > authorizing via signed-in user
[debug] [2019-08-14T14:21:32.908Z] [iam] checking project testproject-f89be for permissions ["firebase.projects.get"]
[debug] [2019-08-14T14:21:32.910Z] > refreshing access token with scopes: ["email","https://www.googleapis.com/auth/cloud-platform","https://www.googleapis.com/auth/cloudplatformprojects.readonly","https://www.googleapis.com/auth/firebase","openid"]
[debug] [2019-08-14T14:21:32.910Z] >>> HTTP REQUEST POST https://www.googleapis.com/oauth2/v3/token  
 <request body omitted>
[debug] [2019-08-14T14:21:33.197Z] <<< HTTP RESPONSE 200
[debug] [2019-08-14T14:21:33.251Z] >>> HTTP REQUEST POST https://cloudresourcemanager.googleapis.com/v1/projects/testproject-f89be:testIamPermissions  

[debug] [2019-08-14T14:21:34.149Z] <<< HTTP RESPONSE 200
[debug] [2019-08-14T14:21:34.150Z] >>> HTTP REQUEST GET https://firebase.googleapis.com/v1beta1/projects/testproject-f89be  
 
[debug] [2019-08-14T14:21:35.080Z] <<< HTTP RESPONSE 200
[info] 
[info] === Serving from 'D:\scb'...
[info] 
[debug] [2019-08-14T14:21:35.084Z] >>> HTTP REQUEST GET https://firebase.googleapis.com/v1beta1/projects/testproject-f89be/webApps/-/config  
 
[debug] [2019-08-14T14:21:35.522Z] <<< HTTP RESPONSE 200
[info] i  hosting: Serving hosting files from: y
[info] +  hosting: Local server: http://localhost:5000
